\BOOKMARK [0][-]{chapter.1}{\376\377\0001\000\040\000M\000o\000d\000u\000l\000e\000s\000\040\000I\000n\000d\000e\000x}{}% 1
\BOOKMARK [1][-]{section.1.1}{\376\377\0001\000.\0001\000\040\000P\000a\000c\000k\000a\000g\000e\000s}{chapter.1}% 2
\BOOKMARK [0][-]{chapter.2}{\376\377\0002\000\040\000D\000a\000t\000a\000\040\000T\000y\000p\000e\000\040\000I\000n\000d\000e\000x}{}% 3
\BOOKMARK [1][-]{section.2.1}{\376\377\0002\000.\0001\000\040\000D\000a\000t\000a\000\040\000T\000y\000p\000e\000s\000\040\000L\000i\000s\000t}{chapter.2}% 4
\BOOKMARK [0][-]{chapter.3}{\376\377\0003\000\040\000F\000i\000l\000e\000\040\000I\000n\000d\000e\000x}{}% 5
\BOOKMARK [1][-]{section.3.1}{\376\377\0003\000.\0001\000\040\000F\000i\000l\000e\000\040\000L\000i\000s\000t}{chapter.3}% 6
\BOOKMARK [0][-]{chapter.4}{\376\377\0004\000\040\000M\000o\000d\000u\000l\000e\000\040\000D\000o\000c\000u\000m\000e\000n\000t\000a\000t\000i\000o\000n}{}% 7
\BOOKMARK [1][-]{section.4.1}{\376\377\0004\000.\0001\000\040\000a\000c\000c\000s\000i\000m\000u\000l\000a\000t\000o\000r\000c\000l\000a\000s\000s\000\040\000M\000o\000d\000u\000l\000e\000\040\000R\000e\000f\000e\000r\000e\000n\000c\000e}{chapter.4}% 8
\BOOKMARK [2][-]{subsection.4.1.1}{\376\377\0004\000.\0001\000.\0001\000\040\000D\000e\000t\000a\000i\000l\000e\000d\000\040\000D\000e\000s\000c\000r\000i\000p\000t\000i\000o\000n}{section.4.1}% 9
\BOOKMARK [2][-]{subsection.4.1.2}{\376\377\0004\000.\0001\000.\0002\000\040\000F\000u\000n\000c\000t\000i\000o\000n\000/\000S\000u\000b\000r\000o\000u\000t\000i\000n\000e\000\040\000D\000o\000c\000u\000m\000e\000n\000t\000a\000t\000i\000o\000n}{section.4.1}% 10
\BOOKMARK [3][-]{subsubsection.4.1.2.1}{\376\377\0004\000.\0001\000.\0002\000.\0001\000\040\000d\000e\000s\000t\000r\000u\000c\000t\000\137\000a\000c\000c\000s\000i\000m\000u\000l\000a\000t\000o\000r\000\050\000\051}{subsection.4.1.2}% 11
\BOOKMARK [3][-]{subsubsection.4.1.2.2}{\376\377\0004\000.\0001\000.\0002\000.\0002\000\040\000i\000n\000i\000t\000\137\000a\000c\000c\000s\000i\000m\000u\000l\000a\000t\000o\000r\000\050\000\051}{subsection.4.1.2}% 12
\BOOKMARK [3][-]{subsubsection.4.1.2.3}{\376\377\0004\000.\0001\000.\0002\000.\0003\000\040\000r\000u\000n\000\137\000a\000c\000c\000s\000i\000m\000u\000l\000a\000t\000o\000r\000\050\000\051}{subsection.4.1.2}% 13
\BOOKMARK [2][-]{subsection.4.1.3}{\376\377\0004\000.\0001\000.\0003\000\040\000V\000a\000r\000i\000a\000b\000l\000e\000\040\000D\000o\000c\000u\000m\000e\000n\000t\000a\000t\000i\000o\000n}{section.4.1}% 14
\BOOKMARK [3][-]{subsubsection.4.1.3.1}{\376\377\0004\000.\0001\000.\0003\000.\0001\000\040\000a\000g\000e\000o\000m}{subsection.4.1.3}% 15
\BOOKMARK [3][-]{subsubsection.4.1.3.2}{\376\377\0004\000.\0001\000.\0003\000.\0002\000\040\000b\000c\000h\000a\000r\000g\000e}{subsection.4.1.3}% 16
\BOOKMARK [3][-]{subsubsection.4.1.3.3}{\376\377\0004\000.\0001\000.\0003\000.\0003\000\040\000b\000c\000u\000r\000r}{subsection.4.1.3}% 17
\BOOKMARK [3][-]{subsubsection.4.1.3.4}{\376\377\0004\000.\0001\000.\0003\000.\0004\000\040\000b\000e\000a\000m\000l\000n\0000}{subsection.4.1.3}% 18
\BOOKMARK [3][-]{subsubsection.4.1.3.5}{\376\377\0004\000.\0001\000.\0003\000.\0005\000\040\000b\000e\000a\000m\000l\000n\0001}{subsection.4.1.3}% 19
\BOOKMARK [3][-]{subsubsection.4.1.3.6}{\376\377\0004\000.\0001\000.\0003\000.\0006\000\040\000b\000e\000a\000m\000l\000n\0001\0000}{subsection.4.1.3}% 20
\BOOKMARK [3][-]{subsubsection.4.1.3.7}{\376\377\0004\000.\0001\000.\0003\000.\0007\000\040\000b\000e\000a\000m\000l\000n\0001\0001}{subsection.4.1.3}% 21
\BOOKMARK [3][-]{subsubsection.4.1.3.8}{\376\377\0004\000.\0001\000.\0003\000.\0008\000\040\000b\000e\000a\000m\000l\000n\0001\0002}{subsection.4.1.3}% 22
\BOOKMARK [3][-]{subsubsection.4.1.3.9}{\376\377\0004\000.\0001\000.\0003\000.\0009\000\040\000b\000e\000a\000m\000l\000n\0001\0003}{subsection.4.1.3}% 23
\BOOKMARK [3][-]{subsubsection.4.1.3.10}{\376\377\0004\000.\0001\000.\0003\000.\0001\0000\000\040\000b\000e\000a\000m\000l\000n\0002}{subsection.4.1.3}% 24
\BOOKMARK [3][-]{subsubsection.4.1.3.11}{\376\377\0004\000.\0001\000.\0003\000.\0001\0001\000\040\000b\000e\000a\000m\000l\000n\0003}{subsection.4.1.3}% 25
\BOOKMARK [3][-]{subsubsection.4.1.3.12}{\376\377\0004\000.\0001\000.\0003\000.\0001\0002\000\040\000b\000e\000a\000m\000l\000n\0004}{subsection.4.1.3}% 26
\BOOKMARK [3][-]{subsubsection.4.1.3.13}{\376\377\0004\000.\0001\000.\0003\000.\0001\0003\000\040\000b\000e\000a\000m\000l\000n\0005}{subsection.4.1.3}% 27
\BOOKMARK [3][-]{subsubsection.4.1.3.14}{\376\377\0004\000.\0001\000.\0003\000.\0001\0004\000\040\000b\000e\000a\000m\000l\000n\0006}{subsection.4.1.3}% 28
\BOOKMARK [3][-]{subsubsection.4.1.3.15}{\376\377\0004\000.\0001\000.\0003\000.\0001\0005\000\040\000b\000e\000a\000m\000l\000n\0007}{subsection.4.1.3}% 29
\BOOKMARK [3][-]{subsubsection.4.1.3.16}{\376\377\0004\000.\0001\000.\0003\000.\0001\0006\000\040\000b\000e\000a\000m\000l\000n\0008}{subsection.4.1.3}% 30
\BOOKMARK [3][-]{subsubsection.4.1.3.17}{\376\377\0004\000.\0001\000.\0003\000.\0001\0007\000\040\000b\000e\000a\000m\000l\000n\0009}{subsection.4.1.3}% 31
\BOOKMARK [3][-]{subsubsection.4.1.3.18}{\376\377\0004\000.\0001\000.\0003\000.\0001\0008\000\040\000b\000f\000r\000e\000q}{subsection.4.1.3}% 32
\BOOKMARK [3][-]{subsubsection.4.1.3.19}{\376\377\0004\000.\0001\000.\0003\000.\0001\0009\000\040\000b\000k\000e\000n\000e\000r\000g\000y}{subsection.4.1.3}% 33
\BOOKMARK [3][-]{subsubsection.4.1.3.20}{\376\377\0004\000.\0001\000.\0003\000.\0002\0000\000\040\000b\000l\000n\000e\000l\000e\000m}{subsection.4.1.3}% 34
\BOOKMARK [3][-]{subsubsection.4.1.3.21}{\376\377\0004\000.\0001\000.\0003\000.\0002\0001\000\040\000b\000m\000a\000s\000s}{subsection.4.1.3}% 35
\BOOKMARK [3][-]{subsubsection.4.1.3.22}{\376\377\0004\000.\0001\000.\0003\000.\0002\0002\000\040\000b\000p\000t\000s}{subsection.4.1.3}% 36
\BOOKMARK [3][-]{subsubsection.4.1.3.23}{\376\377\0004\000.\0001\000.\0003\000.\0002\0003\000\040\000c\000u\000r\000r\000l\000i\000s\000t}{subsection.4.1.3}% 37
\BOOKMARK [3][-]{subsubsection.4.1.3.24}{\376\377\0004\000.\0001\000.\0003\000.\0002\0004\000\040\000c\000u\000r\000r\000l\000i\000s\000t\0000}{subsection.4.1.3}% 38
\BOOKMARK [3][-]{subsubsection.4.1.3.25}{\376\377\0004\000.\0001\000.\0003\000.\0002\0005\000\040\000d\000i\000m}{subsection.4.1.3}% 39
\BOOKMARK [3][-]{subsubsection.4.1.3.26}{\376\377\0004\000.\0001\000.\0003\000.\0002\0006\000\040\000d\000i\000s\000t\000p\000a\000r\000a\000m}{subsection.4.1.3}% 40
\BOOKMARK [3][-]{subsubsection.4.1.3.27}{\376\377\0004\000.\0001\000.\0003\000.\0002\0007\000\040\000f\000l\000a\000g\000b\000c}{subsection.4.1.3}% 41
\BOOKMARK [3][-]{subsubsection.4.1.3.28}{\376\377\0004\000.\0001\000.\0003\000.\0002\0008\000\040\000f\000l\000a\000g\000d\000i\000a\000g}{subsection.4.1.3}% 42
\BOOKMARK [3][-]{subsubsection.4.1.3.29}{\376\377\0004\000.\0001\000.\0003\000.\0002\0009\000\040\000f\000l\000a\000g\000d\000i\000s\000t}{subsection.4.1.3}% 43
\BOOKMARK [3][-]{subsubsection.4.1.3.30}{\376\377\0004\000.\0001\000.\0003\000.\0003\0000\000\040\000f\000l\000a\000g\000e\000r\000r}{subsection.4.1.3}% 44
\BOOKMARK [3][-]{subsubsection.4.1.3.31}{\376\377\0004\000.\0001\000.\0003\000.\0003\0001\000\040\000f\000l\000a\000g\000m\000a\000p}{subsection.4.1.3}% 45
\BOOKMARK [3][-]{subsubsection.4.1.3.32}{\376\377\0004\000.\0001\000.\0003\000.\0003\0002\000\040\000g\000r\000i\000d\0002\000d}{subsection.4.1.3}% 46
\BOOKMARK [3][-]{subsubsection.4.1.3.33}{\376\377\0004\000.\0001\000.\0003\000.\0003\0003\000\040\000i\000b\000a\000l\000e\000n\000d}{subsection.4.1.3}% 47
\BOOKMARK [3][-]{subsubsection.4.1.3.34}{\376\377\0004\000.\0001\000.\0003\000.\0003\0004\000\040\000i\000e\000n\000d}{subsection.4.1.3}% 48
\BOOKMARK [3][-]{subsubsection.4.1.3.35}{\376\377\0004\000.\0001\000.\0003\000.\0003\0005\000\040\000j\000e\000n\000d}{subsection.4.1.3}% 49
\BOOKMARK [3][-]{subsubsection.4.1.3.36}{\376\377\0004\000.\0001\000.\0003\000.\0003\0006\000\040\000n\000b\000l\000e\000m}{subsection.4.1.3}% 50
\BOOKMARK [3][-]{subsubsection.4.1.3.37}{\376\377\0004\000.\0001\000.\0003\000.\0003\0007\000\040\000n\000c\000h\000r\000g}{subsection.4.1.3}% 51
\BOOKMARK [3][-]{subsubsection.4.1.3.38}{\376\377\0004\000.\0001\000.\0003\000.\0003\0008\000\040\000n\000p}{subsection.4.1.3}% 52
\BOOKMARK [3][-]{subsubsection.4.1.3.39}{\376\377\0004\000.\0001\000.\0003\000.\0003\0009\000\040\000n\000p\000c\000o\000l}{subsection.4.1.3}% 53
\BOOKMARK [3][-]{subsubsection.4.1.3.40}{\376\377\0004\000.\0001\000.\0003\000.\0004\0000\000\040\000n\000p\000l\000o\000c\000a\000l}{subsection.4.1.3}% 54
\BOOKMARK [3][-]{subsubsection.4.1.3.41}{\376\377\0004\000.\0001\000.\0003\000.\0004\0001\000\040\000n\000p\000r\000o\000w}{subsection.4.1.3}% 55
\BOOKMARK [3][-]{subsubsection.4.1.3.42}{\376\377\0004\000.\0001\000.\0003\000.\0004\0002\000\040\000n\000p\000t\000l\000i\000s\000t}{subsection.4.1.3}% 56
\BOOKMARK [3][-]{subsubsection.4.1.3.43}{\376\377\0004\000.\0001\000.\0003\000.\0004\0003\000\040\000n\000p\000t\000l\000i\000s\000t\0000}{subsection.4.1.3}% 57
\BOOKMARK [3][-]{subsubsection.4.1.3.44}{\376\377\0004\000.\0001\000.\0003\000.\0004\0004\000\040\000n\000s\000t\000e\000p\000e\000n\000d}{subsection.4.1.3}% 58
\BOOKMARK [3][-]{subsubsection.4.1.3.45}{\376\377\0004\000.\0001\000.\0003\000.\0004\0005\000\040\000n\000x}{subsection.4.1.3}% 59
\BOOKMARK [3][-]{subsubsection.4.1.3.46}{\376\377\0004\000.\0001\000.\0003\000.\0004\0006\000\040\000n\000x\000l\000o\000c\000a\000l}{subsection.4.1.3}% 60
\BOOKMARK [3][-]{subsubsection.4.1.3.47}{\376\377\0004\000.\0001\000.\0003\000.\0004\0007\000\040\000n\000y}{subsection.4.1.3}% 61
\BOOKMARK [3][-]{subsubsection.4.1.3.48}{\376\377\0004\000.\0001\000.\0003\000.\0004\0008\000\040\000n\000y\000l\000o\000c\000a\000l}{subsection.4.1.3}% 62
\BOOKMARK [3][-]{subsubsection.4.1.3.49}{\376\377\0004\000.\0001\000.\0003\000.\0004\0009\000\040\000n\000z}{subsection.4.1.3}% 63
\BOOKMARK [3][-]{subsubsection.4.1.3.50}{\376\377\0004\000.\0001\000.\0003\000.\0005\0000\000\040\000n\000z\000l\000o\000c\000a\000l}{subsection.4.1.3}% 64
\BOOKMARK [3][-]{subsubsection.4.1.3.51}{\376\377\0004\000.\0001\000.\0003\000.\0005\0001\000\040\000p\000o\000t\000e\000n\000t\000i\000a\000l}{subsection.4.1.3}% 65
\BOOKMARK [3][-]{subsubsection.4.1.3.52}{\376\377\0004\000.\0001\000.\0003\000.\0005\0002\000\040\000q\000m\000c\000c\000l\000i\000s}{subsection.4.1.3}% 66
\BOOKMARK [3][-]{subsubsection.4.1.3.53}{\376\377\0004\000.\0001\000.\0003\000.\0005\0003\000\040\000q\000m\000c\000c\000l\000i\000s\000t}{subsection.4.1.3}% 67
\BOOKMARK [3][-]{subsubsection.4.1.3.54}{\376\377\0004\000.\0001\000.\0003\000.\0005\0004\000\040\000r\000s\000t\000a\000r\000t\000f\000l\000g}{subsection.4.1.3}% 68
\BOOKMARK [3][-]{subsubsection.4.1.3.55}{\376\377\0004\000.\0001\000.\0003\000.\0005\0005\000\040\000z\000e\000n\000d}{subsection.4.1.3}% 69
\BOOKMARK [1][-]{section.4.2}{\376\377\0004\000.\0002\000\040\000b\000e\000a\000m\000b\000u\000n\000c\000h\000c\000l\000a\000s\000s\000\040\000M\000o\000d\000u\000l\000e\000\040\000R\000e\000f\000e\000r\000e\000n\000c\000e}{chapter.4}% 70
